Flattening unmatched subcell sky130_fd_sc_hd__nor2_1 in circuit singlestage (0)(2 instances)
Flattening unmatched subcell demux2-1 in circuit singlestage (0)(1 instance)
Flattening unmatched subcell mux2-1 in circuit singlestage (0)(1 instance)
Flattening unmatched subcell sky130_fd_sc_hd__inv_1 in circuit singlestage (0)(2 instances)
Flattening unmatched subcell sky130_fd_sc_hd__buf_1 in circuit singlestage (0)(1 instance)
Flattening unmatched subcell sky130_fd_sc_hd__inv_4 in circuit BR64 (0)(1 instance)
Flattening unmatched subcell sky130_fd_sc_hd__inv_16 in circuit BR64 (0)(21 instances)
Flattening unmatched subcell singlestage in circuit BR64 (0)(64 instances)
Warning: Equate pins:  cell sky130_fd_pr__pfet_01v8_hvt has no definition, treated as a black box.
Warning: Equate pins:  cell sky130_fd_pr__pfet_01v8_hvt has no definition, treated as a black box.

Subcircuit pins:
Circuit 1: sky130_fd_pr__pfet_01v8_hvt     |Circuit 2: sky130_fd_pr__pfet_01v8_hvt     
-------------------------------------------|-------------------------------------------
1                                          |1                                          
2                                          |2                                          
3                                          |3                                          
4                                          |4                                          
---------------------------------------------------------------------------------------
Cell pin lists are equivalent.
Device classes sky130_fd_pr__pfet_01v8_hvt and sky130_fd_pr__pfet_01v8_hvt are equivalent.
Warning: Equate pins:  cell sky130_fd_pr__nfet_01v8 has no definition, treated as a black box.
Warning: Equate pins:  cell sky130_fd_pr__nfet_01v8 has no definition, treated as a black box.

Subcircuit pins:
Circuit 1: sky130_fd_pr__nfet_01v8         |Circuit 2: sky130_fd_pr__nfet_01v8         
-------------------------------------------|-------------------------------------------
1                                          |1                                          
2                                          |2                                          
3                                          |3                                          
4                                          |4                                          
---------------------------------------------------------------------------------------
Cell pin lists are equivalent.
Device classes sky130_fd_pr__nfet_01v8 and sky130_fd_pr__nfet_01v8 are equivalent.

Cell BR64 disconnected node: C[63],C[62],C[61],C[60],C[59],C[58],C[57],C[56],C[55],C[54],C[53],C[52],C[51],C[50],C[49],C[48],C[47],C[46],C[45],C[44],C[43],C[42],C[41],C[40],C[39],C[38],C[37],C[36],C[35],C[34],C[33],C[32],C[31],C[30],C[29],C[28],C[27],C[26],C[25],C[24],C[23],C[22],C[21],C[20],C[19],C[18],C[17],C[16],C[15],C[14],C[13],C[12],C[11],C[10],C[9],C[8],C[7],C[6],C[5],C[4],C[3],C[2],C[1],C[0]
Class BR64:  Merged 656 devices.
Class BR64_label_flat:  Merged 656 devices.

Cell BR64 disconnected node: C[63],C[62],C[61],C[60],C[59],C[58],C[57],C[56],C[55],C[54],C[53],C[52],C[51],C[50],C[49],C[48],C[47],C[46],C[45],C[44],C[43],C[42],C[41],C[40],C[39],C[38],C[37],C[36],C[35],C[34],C[33],C[32],C[31],C[30],C[29],C[28],C[27],C[26],C[25],C[24],C[23],C[22],C[21],C[20],C[19],C[18],C[17],C[16],C[15],C[14],C[13],C[12],C[11],C[10],C[9],C[8],C[7],C[6],C[5],C[4],C[3],C[2],C[1],C[0]

Subcircuit summary:
Circuit 1: BR64                            |Circuit 2: BR64_label_flat                 
-------------------------------------------|-------------------------------------------
sky130_fd_pr__nfet_01v8 (780)              |sky130_fd_pr__nfet_01v8 (780)              
sky130_fd_pr__pfet_01v8_hvt (908)          |sky130_fd_pr__pfet_01v8_hvt (908)          
Number of devices: 1688                    |Number of devices: 1688                    
Number of nets: 783                        |Number of nets: 783                        
---------------------------------------------------------------------------------------
Resolving automorphisms by property value.
Resolving automorphisms by pin name.
Netlists do not match.
   Networks match locally but not globally.
   Probably connections are swapped.
   Check the end of logfile ./lvs_results.log for implicated nodes.
NET mismatches: Class fragments follow (with fanout counts):
Circuit 1: BR64                            |Circuit 2: BR64_label_flat                 

---------------------------------------------------------------------------------------
Net: sky130_fd_sc_hd__inv_1648/sky130_fd_p |Net: a_45479_5549#                         
  sky130_fd_pr__nfet_01v8/(1|3) = 1        |  sky130_fd_pr__pfet_01v8_hvt/2 = 16       
  sky130_fd_pr__pfet_01v8_hvt/(1|3) = 1    |  sky130_fd_pr__pfet_01v8_hvt/(1|3) = 1    
  sky130_fd_pr__pfet_01v8_hvt/2 = 16       |  sky130_fd_pr__nfet_01v8/2 = 16           
  sky130_fd_pr__nfet_01v8/2 = 16           |  sky130_fd_pr__nfet_01v8/(1|3) = 1        
---------------------------------------------------------------------------------------

---------------------------------------------------------------------------------------
Net: sky130_fd_sc_hd__inv_1647/sky130_fd_p |Net: a_15467_1861#                         
  sky130_fd_pr__nfet_01v8/(1|3) = 1        |  sky130_fd_pr__pfet_01v8_hvt/(1|3) = 1    
  sky130_fd_pr__pfet_01v8_hvt/(1|3) = 1    |  sky130_fd_pr__nfet_01v8/(1|3) = 1        
  sky130_fd_pr__pfet_01v8_hvt/2 = 16       |  sky130_fd_pr__nfet_01v8/2 = 16           
  sky130_fd_pr__nfet_01v8/2 = 16           |  sky130_fd_pr__pfet_01v8_hvt/2 = 16       
                                           |                                           
Net: sky130_fd_sc_hd__inv_166/sky130_fd_pr |Net: a_179_5549#                           
  sky130_fd_pr__nfet_01v8/(1|3) = 1        |  sky130_fd_pr__pfet_01v8_hvt/2 = 16       
  sky130_fd_pr__pfet_01v8_hvt/(1|3) = 1    |  sky130_fd_pr__nfet_01v8/(1|3) = 1        
  sky130_fd_pr__pfet_01v8_hvt/2 = 16       |  sky130_fd_pr__pfet_01v8_hvt/(1|3) = 1    
  sky130_fd_pr__nfet_01v8/2 = 16           |  sky130_fd_pr__nfet_01v8/2 = 16           
                                           |                                           
Net: sky130_fd_sc_hd__inv_167/sky130_fd_pr |Net: a_369_1861#                           
  sky130_fd_pr__nfet_01v8/(1|3) = 1        |  sky130_fd_pr__pfet_01v8_hvt/(1|3) = 1    
  sky130_fd_pr__pfet_01v8_hvt/(1|3) = 1    |  sky130_fd_pr__nfet_01v8/(1|3) = 1        
  sky130_fd_pr__pfet_01v8_hvt/2 = 16       |  sky130_fd_pr__pfet_01v8_hvt/2 = 16       
  sky130_fd_pr__nfet_01v8/2 = 16           |  sky130_fd_pr__nfet_01v8/2 = 16           
                                           |                                           
Net: sky130_fd_sc_hd__inv_1613/sky130_fd_p |Net: a_15277_5549#                         
  sky130_fd_pr__nfet_01v8/(1|3) = 1        |  sky130_fd_pr__pfet_01v8_hvt/(1|3) = 1    
  sky130_fd_pr__pfet_01v8_hvt/(1|3) = 1    |  sky130_fd_pr__pfet_01v8_hvt/2 = 16       
  sky130_fd_pr__pfet_01v8_hvt/2 = 16       |  sky130_fd_pr__nfet_01v8/(1|3) = 1        
  sky130_fd_pr__nfet_01v8/2 = 16           |  sky130_fd_pr__nfet_01v8/2 = 16           
                                           |                                           
Net: sky130_fd_sc_hd__inv_1614/sky130_fd_p |Net: a_30381_5549#                         
  sky130_fd_pr__nfet_01v8/(1|3) = 1        |  sky130_fd_pr__nfet_01v8/(1|3) = 1        
  sky130_fd_pr__pfet_01v8_hvt/(1|3) = 1    |  sky130_fd_pr__pfet_01v8_hvt/(1|3) = 1    
  sky130_fd_pr__pfet_01v8_hvt/2 = 16       |  sky130_fd_pr__nfet_01v8/2 = 16           
  sky130_fd_pr__nfet_01v8/2 = 16           |  sky130_fd_pr__pfet_01v8_hvt/2 = 16       
                                           |                                           
Net: sky130_fd_sc_hd__inv_1618/sky130_fd_p |Net: a_30571_1861#                         
  sky130_fd_pr__nfet_01v8/(1|3) = 1        |  sky130_fd_pr__pfet_01v8_hvt/(1|3) = 1    
  sky130_fd_pr__pfet_01v8_hvt/(1|3) = 1    |  sky130_fd_pr__nfet_01v8/(1|3) = 1        
  sky130_fd_pr__pfet_01v8_hvt/2 = 16       |  sky130_fd_pr__pfet_01v8_hvt/2 = 16       
  sky130_fd_pr__nfet_01v8/2 = 16           |  sky130_fd_pr__nfet_01v8/2 = 16           
---------------------------------------------------------------------------------------

---------------------------------------------------------------------------------------
Net: sky130_fd_sc_hd__inv_1613/sky130_fd_p |Net: a_35892_2529#                         
  sky130_fd_pr__nfet_01v8/2 = 4            |  sky130_fd_pr__nfet_01v8/2 = 4            
  sky130_fd_pr__pfet_01v8_hvt/2 = 4        |  sky130_fd_pr__pfet_01v8_hvt/2 = 4        
  sky130_fd_pr__nfet_01v8/(1|3) = 1        |  sky130_fd_pr__pfet_01v8_hvt/(1|3) = 1    
  sky130_fd_pr__pfet_01v8_hvt/(1|3) = 1    |  sky130_fd_pr__nfet_01v8/(1|3) = 1        
---------------------------------------------------------------------------------------

---------------------------------------------------------------------------------------
Net: sky130_fd_sc_hd__inv_1647/sky130_fd_p |Net: a_5690_2529#                          
  sky130_fd_pr__nfet_01v8/2 = 4            |  sky130_fd_pr__pfet_01v8_hvt/2 = 4        
  sky130_fd_pr__pfet_01v8_hvt/2 = 4        |  sky130_fd_pr__nfet_01v8/2 = 4            
  sky130_fd_pr__nfet_01v8/(1|3) = 1        |  sky130_fd_pr__pfet_01v8_hvt/(1|3) = 1    
  sky130_fd_pr__pfet_01v8_hvt/(1|3) = 1    |  sky130_fd_pr__nfet_01v8/(1|3) = 1        
---------------------------------------------------------------------------------------

---------------------------------------------------------------------------------------
Net: VDD                                   |Net: VDD                                   
  sky130_fd_pr__pfet_01v8_hvt/(1|3) = 524  |  sky130_fd_pr__pfet_01v8_hvt/(1|3) = 524  
  sky130_fd_pr__pfet_01v8_hvt/4 = 908      |  sky130_fd_pr__pfet_01v8_hvt/4 = 908      
---------------------------------------------------------------------------------------

---------------------------------------------------------------------------------------
Net: VSS                                   |Net: VSS                                   
  sky130_fd_pr__nfet_01v8/(1|3) = 524      |  sky130_fd_pr__nfet_01v8/(1|3) = 524      
  sky130_fd_pr__nfet_01v8/4 = 780          |  sky130_fd_pr__nfet_01v8/4 = 780          
---------------------------------------------------------------------------------------
Netlists do not match.
Netlists do not match.
