Flattening unmatched subcell sky130_fd_sc_hd__nor2_1 in circuit singlestage (0)(2 instances)
Flattening unmatched subcell demux2-1 in circuit singlestage (0)(1 instance)
Flattening unmatched subcell mux2-1 in circuit singlestage (0)(1 instance)
Flattening unmatched subcell sky130_fd_sc_hd__inv_1 in circuit singlestage (0)(2 instances)
Flattening unmatched subcell sky130_fd_sc_hd__buf_1 in circuit singlestage (0)(1 instance)
Flattening unmatched subcell sky130_fd_sc_hd__inv_4 in circuit BR64 (0)(1 instance)
Flattening unmatched subcell sky130_fd_sc_hd__inv_16 in circuit BR64 (0)(21 instances)
Flattening unmatched subcell singlestage in circuit BR64 (0)(64 instances)
Warning: Equate pins:  cell sky130_fd_pr__pfet_01v8_hvt has no definition, treated as a black box.
Warning: Equate pins:  cell sky130_fd_pr__pfet_01v8_hvt has no definition, treated as a black box.

Subcircuit pins:
Circuit 1: sky130_fd_pr__pfet_01v8_hvt     |Circuit 2: sky130_fd_pr__pfet_01v8_hvt     
-------------------------------------------|-------------------------------------------
1                                          |1                                          
2                                          |2                                          
3                                          |3                                          
4                                          |4                                          
---------------------------------------------------------------------------------------
Cell pin lists are equivalent.
Device classes sky130_fd_pr__pfet_01v8_hvt and sky130_fd_pr__pfet_01v8_hvt are equivalent.
Warning: Equate pins:  cell sky130_fd_pr__nfet_01v8 has no definition, treated as a black box.
Warning: Equate pins:  cell sky130_fd_pr__nfet_01v8 has no definition, treated as a black box.

Subcircuit pins:
Circuit 1: sky130_fd_pr__nfet_01v8         |Circuit 2: sky130_fd_pr__nfet_01v8         
-------------------------------------------|-------------------------------------------
1                                          |1                                          
2                                          |2                                          
3                                          |3                                          
4                                          |4                                          
---------------------------------------------------------------------------------------
Cell pin lists are equivalent.
Device classes sky130_fd_pr__nfet_01v8 and sky130_fd_pr__nfet_01v8 are equivalent.
Class BR64:  Merged 656 devices.
Class BR64_flat:  Merged 656 devices.

Subcircuit summary:
Circuit 1: BR64                            |Circuit 2: BR64_flat                       
-------------------------------------------|-------------------------------------------
sky130_fd_pr__nfet_01v8 (780)              |sky130_fd_pr__nfet_01v8 (780)              
sky130_fd_pr__pfet_01v8_hvt (908)          |sky130_fd_pr__pfet_01v8_hvt (908)          
Number of devices: 1688                    |Number of devices: 1688                    
Number of nets: 783                        |Number of nets: 783                        
---------------------------------------------------------------------------------------
Resolving automorphisms by property value.
Resolving automorphisms by pin name.
Netlists match uniquely.
Circuits match correctly.

Subcircuit pins:
Circuit 1: BR64                            |Circuit 2: BR64_flat                       
-------------------------------------------|-------------------------------------------
VDD                                        |VDD                                        
VSS                                        |VSS                                        
RESET                                      |RESET                                      
C[32]                                      |C[32]                                      
C[33]                                      |C[33]                                      
C[34]                                      |C[34]                                      
C[35]                                      |C[35]                                      
C[36]                                      |C[36]                                      
C[37]                                      |C[37]                                      
C[38]                                      |C[38]                                      
C[39]                                      |C[39]                                      
C[40]                                      |C[40]                                      
C[41]                                      |C[41]                                      
C[42]                                      |C[42]                                      
C[43]                                      |C[43]                                      
C[44]                                      |C[44]                                      
C[45]                                      |C[45]                                      
C[46]                                      |C[46]                                      
C[47]                                      |C[47]                                      
C[48]                                      |C[48]                                      
C[49]                                      |C[49]                                      
C[50]                                      |C[50]                                      
C[51]                                      |C[51]                                      
C[52]                                      |C[52]                                      
C[53]                                      |C[53]                                      
C[54]                                      |C[54]                                      
C[55]                                      |C[55]                                      
C[56]                                      |C[56]                                      
C[57]                                      |C[57]                                      
C[58]                                      |C[58]                                      
C[59]                                      |C[59]                                      
C[60]                                      |C[60]                                      
C[61]                                      |C[61]                                      
C[62]                                      |C[62]                                      
C[63]                                      |C[63]                                      
C[24]                                      |C[24]                                      
C[25]                                      |C[25]                                      
C[26]                                      |C[26]                                      
C[27]                                      |C[27]                                      
C[28]                                      |C[28]                                      
C[29]                                      |C[29]                                      
C[30]                                      |C[30]                                      
C[31]                                      |C[31]                                      
C[16]                                      |C[16]                                      
C[17]                                      |C[17]                                      
C[18]                                      |C[18]                                      
C[19]                                      |C[19]                                      
C[20]                                      |C[20]                                      
C[21]                                      |C[21]                                      
C[22]                                      |C[22]                                      
C[23]                                      |C[23]                                      
C[8]                                       |C[8]                                       
C[9]                                       |C[9]                                       
C[10]                                      |C[10]                                      
C[11]                                      |C[11]                                      
C[12]                                      |C[12]                                      
C[13]                                      |C[13]                                      
C[14]                                      |C[14]                                      
C[15]                                      |C[15]                                      
C[0]                                       |C[0]                                       
C[1]                                       |C[1]                                       
C[2]                                       |C[2]                                       
C[3]                                       |C[3]                                       
C[4]                                       |C[4]                                       
C[5]                                       |C[5]                                       
C[6]                                       |C[6]                                       
C[7]                                       |C[7]                                       
OUT                                        |OUT                                        
---------------------------------------------------------------------------------------
Cell pin lists are equivalent.
Device classes BR64 and BR64_flat are equivalent.
Circuits match uniquely.
